<?xml version="1.0" encoding="UTF-8"?>
<testsuite xmlns:xsi="http://www.w3.org/2001/XMLSchema-instance" xsi:noNamespaceSchemaLocation="https://maven.apache.org/surefire/maven-surefire-plugin/xsd/surefire-test-report.xsd" version="3.0.2" name="com.example.LedgerService.LedgerServiceApplicationTests" time="14.054" tests="1" errors="0" skipped="0" failures="0">
  <properties>
[...]
</properties>
  <testcase name="contextLoads" classname="com.example.LedgerService.LedgerServiceApplicationTests" time="1.098">
    <system-out><![CDATA[19:01:58.686 [main] INFO org.springframework.test.context.support.AnnotationConfigContextLoaderUtils -- Could not detect default configuration classes for test class [com.example.LedgerService.LedgerServiceApplicationTests]: LedgerServiceApplicationTests does not declare any static, non-private, non-final, nested classes annotated with @Configuration.
19:01:58.915 [main] INFO org.springframework.boot.test.context.SpringBootTestContextBootstrapper -- Found @SpringBootConfiguration com.example.LedgerService.LedgerServiceApplication for test class com.example.LedgerService.LedgerServiceApplicationTests
19:01:59.703 [main] INFO org.springframework.boot.devtools.restart.RestartApplicationListener -- Restart disabled due to context in which it is running

  .   ____          _            __ _ _
 /\\ / ___'_ __ _ _(_)_ __  __ _ \ \ \ \
( ( )\___ | '_ | '_| | '_ \/ _` | \ \ \ \
 \\/  ___)| |_)| | | | | || (_| |  ) ) ) )
  '  |____| .__|_| |_|_| |_\__, | / / / /
 =========|_|==============|___/=/_/_/_/

 :: Spring Boot ::                (v3.4.4)

2025-04-26T19:02:00.758+05:30  INFO 20388 --- [LedgerService] [           main] c.e.L.LedgerServiceApplicationTests      : Starting LedgerServiceApplicationTests using Java 20.0.2 with PID 20388 (started by user in C:\Users\user\Downloads\Mini_Project\LedgerService)
2025-04-26T19:02:00.761+05:30  INFO 20388 --- [LedgerService] [           main] c.e.L.LedgerServiceApplicationTests      : No active profile set, falling back to 1 default profile: "default"
2025-04-26T19:02:02.512+05:30  INFO 20388 --- [LedgerService] [           main] .s.d.r.c.RepositoryConfigurationDelegate : Bootstrapping Spring Data JPA repositories in DEFAULT mode.
2025-04-26T19:02:02.796+05:30  INFO 20388 --- [LedgerService] [           main] .s.d.r.c.RepositoryConfigurationDelegate : Finished Spring Data repository scanning in 260 ms. Found 1 JPA repository interface.
2025-04-26T19:02:03.169+05:30  INFO 20388 --- [LedgerService] [           main] o.s.cloud.context.scope.GenericScope     : BeanFactory id=0d3fd4e6-9040-3f03-8d63-784fca0a1df0
2025-04-26T19:02:03.837+05:30  INFO 20388 --- [LedgerService] [           main] o.hibernate.jpa.internal.util.LogHelper  : HHH000204: Processing PersistenceUnitInfo [name: default]
2025-04-26T19:02:03.989+05:30  INFO 20388 --- [LedgerService] [           main] org.hibernate.Version                    : HHH000412: Hibernate ORM core version 6.6.11.Final
2025-04-26T19:02:04.086+05:30  INFO 20388 --- [LedgerService] [           main] o.h.c.internal.RegionFactoryInitiator    : HHH000026: Second-level cache disabled
2025-04-26T19:02:04.775+05:30  INFO 20388 --- [LedgerService] [           main] o.s.o.j.p.SpringPersistenceUnitInfo      : No LoadTimeWeaver setup: ignoring JPA class transformer
2025-04-26T19:02:04.832+05:30  INFO 20388 --- [LedgerService] [           main] com.zaxxer.hikari.HikariDataSource       : HikariPool-1 - Starting...
2025-04-26T19:02:05.466+05:30  INFO 20388 --- [LedgerService] [           main] com.zaxxer.hikari.pool.HikariPool        : HikariPool-1 - Added connection com.mysql.cj.jdbc.ConnectionImpl@6f655dbd
2025-04-26T19:02:05.469+05:30  INFO 20388 --- [LedgerService] [           main] com.zaxxer.hikari.HikariDataSource       : HikariPool-1 - Start completed.
2025-04-26T19:02:05.567+05:30  WARN 20388 --- [LedgerService] [           main] org.hibernate.orm.deprecation            : HHH90000025: MySQL8Dialect does not need to be specified explicitly using 'hibernate.dialect' (remove the property setting and it will be selected by default)
2025-04-26T19:02:05.569+05:30  WARN 20388 --- [LedgerService] [           main] org.hibernate.orm.deprecation            : HHH90000026: MySQL8Dialect has been deprecated; use org.hibernate.dialect.MySQLDialect instead
2025-04-26T19:02:05.631+05:30  INFO 20388 --- [LedgerService] [           main] org.hibernate.orm.connections.pooling    : HHH10001005: Database info:
	Database JDBC URL [Connecting through datasource 'HikariDataSource (HikariPool-1)']
	Database driver: undefined/unknown
	Database version: 8.0
	Autocommit mode: undefined/unknown
	Isolation level: undefined/unknown
	Minimum pool size: undefined/unknown
	Maximum pool size: undefined/unknown
2025-04-26T19:02:07.662+05:30  INFO 20388 --- [LedgerService] [           main] o.h.e.t.j.p.i.JtaPlatformInitiator       : HHH000489: No JTA platform available (set 'hibernate.transaction.jta.platform' to enable JTA platform integration)
Hibernate: alter table ledger_accounts add column created_at datetime(6)
2025-04-26T19:02:07.819+05:30  INFO 20388 --- [LedgerService] [           main] j.LocalContainerEntityManagerFactoryBean : Initialized JPA EntityManagerFactory for persistence unit 'default'
2025-04-26T19:02:08.577+05:30  WARN 20388 --- [LedgerService] [           main] JpaBaseConfiguration$JpaWebConfiguration : spring.jpa.open-in-view is enabled by default. Therefore, database queries may be performed during view rendering. Explicitly configure spring.jpa.open-in-view to disable this warning
2025-04-26T19:02:10.112+05:30  INFO 20388 --- [LedgerService] [           main] DiscoveryClientOptionalArgsConfiguration : Eureka HTTP Client uses RestTemplate.
2025-04-26T19:02:10.193+05:30  WARN 20388 --- [LedgerService] [           main] iguration$LoadBalancerCaffeineWarnLogger : Spring Cloud LoadBalancer is currently working with the default cache. While this cache implementation is useful for development and tests, it's recommended to use Caffeine cache in production.You can switch to using Caffeine cache, by adding it and org.springframework.cache.caffeine.CaffeineCacheManager to the classpath.
2025-04-26T19:02:10.248+05:30  INFO 20388 --- [LedgerService] [           main] o.s.c.n.eureka.InstanceInfoFactory       : Setting initial instance status as: STARTING
2025-04-26T19:02:10.314+05:30  INFO 20388 --- [LedgerService] [           main] com.netflix.discovery.DiscoveryClient    : Initializing Eureka in region us-east-1
2025-04-26T19:02:10.326+05:30  INFO 20388 --- [LedgerService] [           main] c.n.d.s.r.aws.ConfigClusterResolver      : Resolving eureka endpoints via configuration
2025-04-26T19:02:10.354+05:30  INFO 20388 --- [LedgerService] [           main] com.netflix.discovery.DiscoveryClient    : Disable delta property : false
2025-04-26T19:02:10.355+05:30  INFO 20388 --- [LedgerService] [           main] com.netflix.discovery.DiscoveryClient    : Single vip registry refresh property : null
2025-04-26T19:02:10.355+05:30  INFO 20388 --- [LedgerService] [           main] com.netflix.discovery.DiscoveryClient    : Force full registry fetch : false
2025-04-26T19:02:10.355+05:30  INFO 20388 --- [LedgerService] [           main] com.netflix.discovery.DiscoveryClient    : Application is null : false
2025-04-26T19:02:10.355+05:30  INFO 20388 --- [LedgerService] [           main] com.netflix.discovery.DiscoveryClient    : Registered Applications size is zero : true
2025-04-26T19:02:10.355+05:30  INFO 20388 --- [LedgerService] [           main] com.netflix.discovery.DiscoveryClient    : Application version is -1: true
2025-04-26T19:02:10.355+05:30  INFO 20388 --- [LedgerService] [           main] com.netflix.discovery.DiscoveryClient    : Getting all instance registry info from the eureka server
2025-04-26T19:02:11.207+05:30  INFO 20388 --- [LedgerService] [           main] com.netflix.discovery.DiscoveryClient    : The response status is 200
2025-04-26T19:02:11.211+05:30  INFO 20388 --- [LedgerService] [           main] com.netflix.discovery.DiscoveryClient    : Starting heartbeat executor: renew interval is: 30
2025-04-26T19:02:11.215+05:30  INFO 20388 --- [LedgerService] [           main] c.n.discovery.InstanceInfoReplicator     : InstanceInfoReplicator onDemand update allowed rate per min is 4
2025-04-26T19:02:11.219+05:30  INFO 20388 --- [LedgerService] [           main] com.netflix.discovery.DiscoveryClient    : Discovery Client initialized at timestamp 1745674331217 with initial instances count: 4
2025-04-26T19:02:11.225+05:30  INFO 20388 --- [LedgerService] [           main] o.s.c.n.e.s.EurekaServiceRegistry        : Registering application LEDGERSERVICE with eureka with status UP
2025-04-26T19:02:11.227+05:30  INFO 20388 --- [LedgerService] [           main] com.netflix.discovery.DiscoveryClient    : Saw local status change event StatusChangeEvent [timestamp=1745674331227, current=UP, previous=STARTING]
2025-04-26T19:02:11.231+05:30  INFO 20388 --- [LedgerService] [foReplicator-%d] com.netflix.discovery.DiscoveryClient    : DiscoveryClient_LEDGERSERVICE/USER:LedgerService:8084: registering service...
2025-04-26T19:02:11.255+05:30  INFO 20388 --- [LedgerService] [           main] c.e.L.LedgerServiceApplicationTests      : Started LedgerServiceApplicationTests in 11.583 seconds (process running for 14.047)
2025-04-26T19:02:11.380+05:30  INFO 20388 --- [LedgerService] [foReplicator-%d] com.netflix.discovery.DiscoveryClient    : DiscoveryClient_LEDGERSERVICE/USER:LedgerService:8084 - registration status: 204
]]></system-out>
  </testcase>
</testsuite>