<?xml version="1.0" encoding="UTF-8"?>
<testsuite xmlns:xsi="http://www.w3.org/2001/XMLSchema-instance" xsi:noNamespaceSchemaLocation="https://maven.apache.org/surefire/maven-surefire-plugin/xsd/surefire-test-report-3.0.xsd" version="3.0" name="com.example.SharedModule.SharedModuleApplicationTests" time="5.768" tests="1" errors="0" skipped="0" failures="0">
  <properties>
[...]
</properties>
  <testcase name="contextLoads" classname="com.example.SharedModule.SharedModuleApplicationTests" time="1.54">
    <system-out><![CDATA[13:03:32.334 [main] INFO org.springframework.test.context.support.AnnotationConfigContextLoaderUtils -- Could not detect default configuration classes for test class [com.example.SharedModule.SharedModuleApplicationTests]: SharedModuleApplicationTests does not declare any static, non-private, non-final, nested classes annotated with @Configuration.
13:03:32.661 [main] INFO org.springframework.boot.test.context.SpringBootTestContextBootstrapper -- Found @SpringBootConfiguration com.example.SharedModule.SharedModuleApplication for test class com.example.SharedModule.SharedModuleApplicationTests
13:03:33.132 [main] INFO org.springframework.boot.devtools.restart.RestartApplicationListener -- Restart disabled due to context in which it is running

  .   ____          _            __ _ _
 /\\ / ___'_ __ _ _(_)_ __  __ _ \ \ \ \
( ( )\___ | '_ | '_| | '_ \/ _` | \ \ \ \
 \\/  ___)| |_)| | | | | || (_| |  ) ) ) )
  '  |____| .__|_| |_|_| |_\__, | / / / /
 =========|_|==============|___/=/_/_/_/

 :: Spring Boot ::                (v3.4.4)

2025-04-29T13:03:33.695+05:30  INFO 11164 --- [SharedModule] [           main] c.e.S.SharedModuleApplicationTests       : Starting SharedModuleApplicationTests using Java 20.0.2 with PID 11164 (started by user in C:\Users\user\Downloads\Mini_Project\SharedModule)
2025-04-29T13:03:33.698+05:30  INFO 11164 --- [SharedModule] [           main] c.e.S.SharedModuleApplicationTests       : No active profile set, falling back to 1 default profile: "default"
2025-04-29T13:03:36.189+05:30  INFO 11164 --- [SharedModule] [           main] c.e.S.SharedModuleApplicationTests       : Started SharedModuleApplicationTests in 3.087 seconds (process running for 5.756)
]]></system-out>
  </testcase>
</testsuite>